2018-07-12 10:08:40.320 2852 [main] INFO  o.s.c.a.AnnotationConfigApplicationContext: 589 - Refreshing org.springframework.context.annotation.AnnotationConfigApplicationContext@74bada02: startup date [Thu Jul 12 10:08:40 CST 2018]; root of context hierarchy
2018-07-12 10:08:40.868 2852 [main] INFO  o.s.c.s.PostProcessorRegistrationDelegate$BeanPostProcessorChecker: 328 - Bean 'configurationPropertiesRebinderAutoConfiguration' of type [org.springframework.cloud.autoconfigure.ConfigurationPropertiesRebinderAutoConfiguration$$EnhancerBySpringCGLIB$$827e48ba] is not eligible for getting processed by all BeanPostProcessors (for example: not eligible for auto-proxying)
2018-07-12 10:08:50.383 2852 [main] INFO  org.apache.zookeeper.ZooKeeper: 109 - Client environment:zookeeper.version=3.5.3-beta-8ce24f9e675cbefffb8f21a47e06b42864475a60, built on 04/03/2017 16:19 GMT
2018-07-12 10:08:50.385 2852 [main] INFO  org.apache.zookeeper.ZooKeeper: 109 - Client environment:host.name=DBVYT2Z9NYUCVRA
2018-07-12 10:08:50.389 2852 [main] INFO  org.apache.zookeeper.ZooKeeper: 109 - Client environment:java.version=1.8.0_151
2018-07-12 10:08:50.393 2852 [main] INFO  org.apache.zookeeper.ZooKeeper: 109 - Client environment:java.vendor=Oracle Corporation
2018-07-12 10:08:50.395 2852 [main] INFO  org.apache.zookeeper.ZooKeeper: 109 - Client environment:java.home=D:\Program Files\Java\jdk1.8.0_151\jre
2018-07-12 10:08:50.397 2852 [main] INFO  org.apache.zookeeper.ZooKeeper: 109 - Client environment:java.class.path=D:\project\spring-boot\micro-services\atom-service-search\target\test-classes;D:\project\spring-boot\micro-services\atom-service-search\target\classes;C:\Users\Administrator\.m2\repository\com\northbrain\base-common-util\0.0.1-SNAPSHOT\base-common-util-0.0.1-SNAPSHOT.jar;C:\Users\Administrator\.m2\repository\org\springframework\boot\spring-boot-starter-aop\2.0.0.RELEASE\spring-boot-starter-aop-2.0.0.RELEASE.jar;C:\Users\Administrator\.m2\repository\org\springframework\spring-aop\5.0.4.RELEASE\spring-aop-5.0.4.RELEASE.jar;C:\Users\Administrator\.m2\repository\org\aspectj\aspectjweaver\1.8.13\aspectjweaver-1.8.13.jar;C:\Users\Administrator\.m2\repository\org\springframework\boot\spring-boot-starter-data-elasticsearch\2.0.0.RELEASE\spring-boot-starter-data-elasticsearch-2.0.0.RELEASE.jar;C:\Users\Administrator\.m2\repository\org\springframework\boot\spring-boot-starter\2.0.0.RELEASE\spring-boot-starter-2.0.0.RELEASE.jar;C:\Users\Administrator\.m2\repository\org\springframework\boot\spring-boot\2.0.0.RELEASE\spring-boot-2.0.0.RELEASE.jar;C:\Users\Administrator\.m2\repository\org\springframework\boot\spring-boot-autoconfigure\2.0.0.RELEASE\spring-boot-autoconfigure-2.0.0.RELEASE.jar;C:\Users\Administrator\.m2\repository\org\springframework\boot\spring-boot-starter-logging\2.0.0.RELEASE\spring-boot-starter-logging-2.0.0.RELEASE.jar;C:\Users\Administrator\.m2\repository\ch\qos\logback\logback-classic\1.2.3\logback-classic-1.2.3.jar;C:\Users\Administrator\.m2\repository\ch\qos\logback\logback-core\1.2.3\logback-core-1.2.3.jar;C:\Users\Administrator\.m2\repository\org\apache\logging\log4j\log4j-to-slf4j\2.10.0\log4j-to-slf4j-2.10.0.jar;C:\Users\Administrator\.m2\repository\org\slf4j\jul-to-slf4j\1.7.25\jul-to-slf4j-1.7.25.jar;C:\Users\Administrator\.m2\repository\javax\annotation\javax.annotation-api\1.3.2\javax.annotation-api-1.3.2.jar;C:\Users\Administrator\.m2\repository\org\yaml\snakeyaml\1.19\snakeyaml-1.19.jar;C:\Users\Administrator\.m2\repository\org\springframework\data\spring-data-elasticsearch\3.0.5.RELEASE\spring-data-elasticsearch-3.0.5.RELEASE.jar;C:\Users\Administrator\.m2\repository\org\springframework\spring-context\5.0.4.RELEASE\spring-context-5.0.4.RELEASE.jar;C:\Users\Administrator\.m2\repository\org\springframework\spring-tx\5.0.4.RELEASE\spring-tx-5.0.4.RELEASE.jar;C:\Users\Administrator\.m2\repository\org\springframework\data\spring-data-commons\2.0.5.RELEASE\spring-data-commons-2.0.5.RELEASE.jar;C:\Users\Administrator\.m2\repository\commons-lang\commons-lang\2.6\commons-lang-2.6.jar;C:\Users\Administrator\.m2\repository\joda-time\joda-time\2.9.9\joda-time-2.9.9.jar;C:\Users\Administrator\.m2\repository\org\elasticsearch\elasticsearch\5.6.8\elasticsearch-5.6.8.jar;C:\Users\Administrator\.m2\repository\org\apache\lucene\lucene-core\6.6.1\lucene-core-6.6.1.jar;C:\Users\Administrator\.m2\repository\org\apache\lucene\lucene-analyzers-common\6.6.1\lucene-analyzers-common-6.6.1.jar;C:\Users\Administrator\.m2\repository\org\apache\lucene\lucene-backward-codecs\6.6.1\lucene-backward-codecs-6.6.1.jar;C:\Users\Administrator\.m2\repository\org\apache\lucene\lucene-grouping\6.6.1\lucene-grouping-6.6.1.jar;C:\Users\Administrator\.m2\repository\org\apache\lucene\lucene-highlighter\6.6.1\lucene-highlighter-6.6.1.jar;C:\Users\Administrator\.m2\repository\org\apache\lucene\lucene-join\6.6.1\lucene-join-6.6.1.jar;C:\Users\Administrator\.m2\repository\org\apache\lucene\lucene-memory\6.6.1\lucene-memory-6.6.1.jar;C:\Users\Administrator\.m2\repository\org\apache\lucene\lucene-misc\6.6.1\lucene-misc-6.6.1.jar;C:\Users\Administrator\.m2\repository\org\apache\lucene\lucene-queries\6.6.1\lucene-queries-6.6.1.jar;C:\Users\Administrator\.m2\repository\org\apache\lucene\lucene-queryparser\6.6.1\lucene-queryparser-6.6.1.jar;C:\Users\Administrator\.m2\repository\org\apache\lucene\lucene-sandbox\6.6.1\lucene-sandbox-6.6.1.jar;C:\Users\Administrator\.m2\repository\org\apache\lucene\lucene-spatial\6.6.1\lucene-spatial-6.6.1.jar;C:\Users\Administrator\.m2\repository\org\apache\lucene\lucene-spatial-extras\6.6.1\lucene-spatial-extras-6.6.1.jar;C:\Users\Administrator\.m2\repository\org\apache\lucene\lucene-spatial3d\6.6.1\lucene-spatial3d-6.6.1.jar;C:\Users\Administrator\.m2\repository\org\apache\lucene\lucene-suggest\6.6.1\lucene-suggest-6.6.1.jar;C:\Users\Administrator\.m2\repository\org\elasticsearch\securesm\1.2\securesm-1.2.jar;C:\Users\Administrator\.m2\repository\net\sf\jopt-simple\jopt-simple\5.0.2\jopt-simple-5.0.2.jar;C:\Users\Administrator\.m2\repository\com\carrotsearch\hppc\0.7.1\hppc-0.7.1.jar;C:\Users\Administrator\.m2\repository\com\fasterxml\jackson\dataformat\jackson-dataformat-smile\2.9.4\jackson-dataformat-smile-2.9.4.jar;C:\Users\Administrator\.m2\repository\com\fasterxml\jackson\dataformat\jackson-dataformat-yaml\2.9.4\jackson-dataformat-yaml-2.9.4.jar;C:\Users\Administrator\.m2\repository\com\fasterxml\jackson\dataformat\jackson-dataformat-cbor\2.9.4\jackson-dataformat-cbor-2.9.4.jar;C:\Users\Administrator\.m2\repository\com\tdunning\t-digest\3.0\t-digest-3.0.jar;C:\Users\Administrator\.m2\repository\org\apache\logging\log4j\log4j-api\2.10.0\log4j-api-2.10.0.jar;C:\Users\Administrator\.m2\repository\org\elasticsearch\jna\4.4.0-1\jna-4.4.0-1.jar;C:\Users\Administrator\.m2\repository\org\elasticsearch\client\transport\5.6.8\transport-5.6.8.jar;C:\Users\Administrator\.m2\repository\org\elasticsearch\plugin\transport-netty3-client\5.6.8\transport-netty3-client-5.6.8.jar;C:\Users\Administrator\.m2\repository\io\netty\netty\3.10.6.Final\netty-3.10.6.Final.jar;C:\Users\Administrator\.m2\repository\org\elasticsearch\plugin\reindex-client\5.6.8\reindex-client-5.6.8.jar;C:\Users\Administrator\.m2\repository\org\elasticsearch\client\elasticsearch-rest-client\5.6.8\elasticsearch-rest-client-5.6.8.jar;C:\Users\Administrator\.m2\repository\org\apache\httpcomponents\httpclient\4.5.5\httpclient-4.5.5.jar;C:\Users\Administrator\.m2\repository\org\apache\httpcomponents\httpcore\4.4.9\httpcore-4.4.9.jar;C:\Users\Administrator\.m2\repository\org\apache\httpcomponents\httpasyncclient\4.1.3\httpasyncclient-4.1.3.jar;C:\Users\Administrator\.m2\repository\org\apache\httpcomponents\httpcore-nio\4.4.9\httpcore-nio-4.4.9.jar;C:\Users\Administrator\.m2\repository\commons-codec\commons-codec\1.11\commons-codec-1.11.jar;C:\Users\Administrator\.m2\repository\org\elasticsearch\plugin\lang-mustache-client\5.6.8\lang-mustache-client-5.6.8.jar;C:\Users\Administrator\.m2\repository\com\github\spullara\mustache\java\compiler\0.9.3\compiler-0.9.3.jar;C:\Users\Administrator\.m2\repository\org\elasticsearch\plugin\percolator-client\5.6.8\percolator-client-5.6.8.jar;C:\Users\Administrator\.m2\repository\org\elasticsearch\plugin\parent-join-client\5.6.8\parent-join-client-5.6.8.jar;C:\Users\Administrator\.m2\repository\com\fasterxml\jackson\core\jackson-core\2.9.4\jackson-core-2.9.4.jar;C:\Users\Administrator\.m2\repository\com\fasterxml\jackson\core\jackson-databind\2.9.4\jackson-databind-2.9.4.jar;C:\Users\Administrator\.m2\repository\com\fasterxml\jackson\core\jackson-annotations\2.9.0\jackson-annotations-2.9.0.jar;C:\Users\Administrator\.m2\repository\org\elasticsearch\plugin\transport-netty4-client\5.6.8\transport-netty4-client-5.6.8.jar;C:\Users\Administrator\.m2\repository\io\netty\netty-buffer\4.1.22.Final\netty-buffer-4.1.22.Final.jar;C:\Users\Administrator\.m2\repository\io\netty\netty-codec\4.1.22.Final\netty-codec-4.1.22.Final.jar;C:\Users\Administrator\.m2\repository\io\netty\netty-codec-http\4.1.22.Final\netty-codec-http-4.1.22.Final.jar;C:\Users\Administrator\.m2\repository\io\netty\netty-common\4.1.22.Final\netty-common-4.1.22.Final.jar;C:\Users\Administrator\.m2\repository\io\netty\netty-handler\4.1.22.Final\netty-handler-4.1.22.Final.jar;C:\Users\Administrator\.m2\repository\io\netty\netty-resolver\4.1.22.Final\netty-resolver-4.1.22.Final.jar;C:\Users\Administrator\.m2\repository\io\netty\netty-transport\4.1.22.Final\netty-transport-4.1.22.Final.jar;C:\Users\Administrator\.m2\repository\org\locationtech\spatial4j\spatial4j\0.6\spatial4j-0.6.jar;C:\Users\Administrator\.m2\repository\com\vividsolutions\jts\1.13\jts-1.13.jar;C:\Users\Administrator\.m2\repository\org\springframework\boot\spring-boot-starter-actuator\2.0.0.RELEASE\spring-boot-starter-actuator-2.0.0.RELEASE.jar;C:\Users\Administrator\.m2\repository\org\springframework\boot\spring-boot-actuator-autoconfigure\2.0.0.RELEASE\spring-boot-actuator-autoconfigure-2.0.0.RELEASE.jar;C:\Users\Administrator\.m2\repository\org\springframework\boot\spring-boot-actuator\2.0.0.RELEASE\spring-boot-actuator-2.0.0.RELEASE.jar;C:\Users\Administrator\.m2\repository\com\fasterxml\jackson\datatype\jackson-datatype-jsr310\2.9.4\jackson-datatype-jsr310-2.9.4.jar;C:\Users\Administrator\.m2\repository\io\micrometer\micrometer-core\1.0.1\micrometer-core-1.0.1.jar;C:\Users\Administrator\.m2\repository\org\hdrhistogram\HdrHistogram\2.1.10\HdrHistogram-2.1.10.jar;C:\Users\Administrator\.m2\repository\org\latencyutils\LatencyUtils\2.0.3\LatencyUtils-2.0.3.jar;C:\Users\Administrator\.m2\repository\org\springframework\boot\spring-boot-starter-webflux\2.0.0.RELEASE\spring-boot-starter-webflux-2.0.0.RELEASE.jar;C:\Users\Administrator\.m2\repository\org\springframework\boot\spring-boot-starter-json\2.0.0.RELEASE\spring-boot-starter-json-2.0.0.RELEASE.jar;C:\Users\Administrator\.m2\repository\com\fasterxml\jackson\datatype\jackson-datatype-jdk8\2.9.4\jackson-datatype-jdk8-2.9.4.jar;C:\Users\Administrator\.m2\repository\com\fasterxml\jackson\module\jackson-module-parameter-names\2.9.4\jackson-module-parameter-names-2.9.4.jar;C:\Users\Administrator\.m2\repository\org\springframework\boot\spring-boot-starter-reactor-netty\2.0.0.RELEASE\spring-boot-starter-reactor-netty-2.0.0.RELEASE.jar;C:\Users\Administrator\.m2\repository\io\projectreactor\ipc\reactor-netty\0.7.5.RELEASE\reactor-netty-0.7.5.RELEASE.jar;C:\Users\Administrator\.m2\repository\io\netty\netty-handler-proxy\4.1.22.Final\netty-handler-proxy-4.1.22.Final.jar;C:\Users\Administrator\.m2\repository\io\netty\netty-codec-socks\4.1.22.Final\netty-codec-socks-4.1.22.Final.jar;C:\Users\Administrator\.m2\repository\io\netty\netty-transport-native-epoll\4.1.22.Final\netty-transport-native-epoll-4.1.22.Final.jar;C:\Users\Administrator\.m2\repository\io\netty\netty-transport-native-unix-common\4.1.22.Final\netty-transport-native-unix-common-4.1.22.Final.jar;C:\Users\Administrator\.m2\repository\org\hibernate\validator\hibernate-validator\6.0.7.Final\hibernate-validator-6.0.7.Final.jar;C:\Users\Administrator\.m2\repository\javax\validation\validation-api\2.0.1.Final\validation-api-2.0.1.Final.jar;C:\Users\Administrator\.m2\repository\org\jboss\logging\jboss-logging\3.3.2.Final\jboss-logging-3.3.2.Final.jar;C:\Users\Administrator\.m2\repository\com\fasterxml\classmate\1.3.4\classmate-1.3.4.jar;C:\Users\Administrator\.m2\repository\org\springframework\spring-web\5.0.4.RELEASE\spring-web-5.0.4.RELEASE.jar;C:\Users\Administrator\.m2\repository\org\springframework\spring-beans\5.0.4.RELEASE\spring-beans-5.0.4.RELEASE.jar;C:\Users\Administrator\.m2\repository\org\springframework\spring-webflux\5.0.4.RELEASE\spring-webflux-5.0.4.RELEASE.jar;C:\Users\Administrator\.m2\repository\org\springframework\boot\spring-boot-configuration-processor\1.2.0.RELEASE\spring-boot-configuration-processor-1.2.0.RELEASE.jar;C:\Users\Administrator\.m2\repository\org\json\json\20140107\json-20140107.jar;C:\Users\Administrator\.m2\repository\org\projectlombok\lombok\1.16.20\lombok-1.16.20.jar;C:\Users\Administrator\.m2\repository\org\synchronoss\cloud\nio-multipart-parser\1.1.0\nio-multipart-parser-1.1.0.jar;C:\Users\Administrator\.m2\repository\org\slf4j\slf4j-api\1.7.25\slf4j-api-1.7.25.jar;C:\Users\Administrator\.m2\repository\org\synchronoss\cloud\nio-stream-storage\1.1.3\nio-stream-storage-1.1.3.jar;C:\Users\Administrator\.m2\repository\org\springframework\boot\spring-boot-starter-data-mongodb-reactive\2.0.0.RELEASE\spring-boot-starter-data-mongodb-reactive-2.0.0.RELEASE.jar;C:\Users\Administrator\.m2\repository\org\springframework\data\spring-data-mongodb\2.0.5.RELEASE\spring-data-mongodb-2.0.5.RELEASE.jar;C:\Users\Administrator\.m2\repository\org\springframework\spring-expression\5.0.4.RELEASE\spring-expression-5.0.4.RELEASE.jar;C:\Users\Administrator\.m2\repository\org\mongodb\mongodb-driver\3.6.3\mongodb-driver-3.6.3.jar;C:\Users\Administrator\.m2\repository\org\mongodb\bson\3.6.3\bson-3.6.3.jar;C:\Users\Administrator\.m2\repository\org\mongodb\mongodb-driver-core\3.6.3\mongodb-driver-core-3.6.3.jar;C:\Users\Administrator\.m2\repository\org\mongodb\mongodb-driver-async\3.6.3\mongodb-driver-async-3.6.3.jar;C:\Users\Administrator\.m2\repository\org\mongodb\mongodb-driver-reactivestreams\1.7.1\mongodb-driver-reactivestreams-1.7.1.jar;C:\Users\Administrator\.m2\repository\org\reactivestreams\reactive-streams\1.0.2\reactive-streams-1.0.2.jar;C:\Users\Administrator\.m2\repository\io\projectreactor\reactor-core\3.1.5.RELEASE\reactor-core-3.1.5.RELEASE.jar;C:\Users\Administrator\.m2\repository\org\springframework\cloud\spring-cloud-starter-zookeeper-config\2.0.0.RELEASE\spring-cloud-starter-zookeeper-config-2.0.0.RELEASE.jar;C:\Users\Administrator\.m2\repository\org\springframework\cloud\spring-cloud-starter-zookeeper\2.0.0.RELEASE\spring-cloud-starter-zookeeper-2.0.0.RELEASE.jar;C:\Users\Administrator\.m2\repository\org\springframework\cloud\spring-cloud-commons\2.0.0.RELEASE\spring-cloud-commons-2.0.0.RELEASE.jar;C:\Users\Administrator\.m2\repository\org\springframework\cloud\spring-cloud-zookeeper-core\2.0.0.RELEASE\spring-cloud-zookeeper-core-2.0.0.RELEASE.jar;C:\Users\Administrator\.m2\repository\org\springframework\cloud\spring-cloud-zookeeper-config\2.0.0.RELEASE\spring-cloud-zookeeper-config-2.0.0.RELEASE.jar;C:\Users\Administrator\.m2\repository\org\apache\curator\curator-recipes\4.0.1\curator-recipes-4.0.1.jar;C:\Users\Administrator\.m2\repository\org\apache\curator\curator-framework\4.0.1\curator-framework-4.0.1.jar;C:\Users\Administrator\.m2\repository\org\apache\curator\curator-client\4.0.1\curator-client-4.0.1.jar;C:\Users\Administrator\.m2\repository\org\apache\zookeeper\zookeeper\3.5.3-beta\zookeeper-3.5.3-beta.jar;C:\Users\Administrator\.m2\repository\commons-cli\commons-cli\1.2\commons-cli-1.2.jar;C:\Users\Administrator\.m2\repository\com\google\guava\guava\20.0\guava-20.0.jar;C:\Users\Administrator\.m2\repository\org\springframework\cloud\spring-cloud-context\2.0.0.RELEASE\spring-cloud-context-2.0.0.RELEASE.jar;C:\Users\Administrator\.m2\repository\org\springframework\security\spring-security-crypto\5.0.3.RELEASE\spring-security-crypto-5.0.3.RELEASE.jar;C:\Users\Administrator\.m2\repository\org\springframework\boot\spring-boot-starter-test\2.0.0.RELEASE\spring-boot-starter-test-2.0.0.RELEASE.jar;C:\Users\Administrator\.m2\repository\org\springframework\boot\spring-boot-test\2.0.0.RELEASE\spring-boot-test-2.0.0.RELEASE.jar;C:\Users\Administrator\.m2\repository\org\springframework\boot\spring-boot-test-autoconfigure\2.0.0.RELEASE\spring-boot-test-autoconfigure-2.0.0.RELEASE.jar;C:\Users\Administrator\.m2\repository\com\jayway\jsonpath\json-path\2.4.0\json-path-2.4.0.jar;C:\Users\Administrator\.m2\repository\net\minidev\json-smart\2.3\json-smart-2.3.jar;C:\Users\Administrator\.m2\repository\net\minidev\accessors-smart\1.2\accessors-smart-1.2.jar;C:\Users\Administrator\.m2\repository\org\ow2\asm\asm\5.0.4\asm-5.0.4.jar;C:\Users\Administrator\.m2\repository\junit\junit\4.12\junit-4.12.jar;C:\Users\Administrator\.m2\repository\org\assertj\assertj-core\3.9.1\assertj-core-3.9.1.jar;C:\Users\Administrator\.m2\repository\org\mockito\mockito-core\2.15.0\mockito-core-2.15.0.jar;C:\Users\Administrator\.m2\repository\net\bytebuddy\byte-buddy\1.7.10\byte-buddy-1.7.10.jar;C:\Users\Administrator\.m2\repository\net\bytebuddy\byte-buddy-agent\1.7.10\byte-buddy-agent-1.7.10.jar;C:\Users\Administrator\.m2\repository\org\objenesis\objenesis\2.6\objenesis-2.6.jar;C:\Users\Administrator\.m2\repository\org\hamcrest\hamcrest-core\1.3\hamcrest-core-1.3.jar;C:\Users\Administrator\.m2\repository\org\hamcrest\hamcrest-library\1.3\hamcrest-library-1.3.jar;C:\Users\Administrator\.m2\repository\org\skyscreamer\jsonassert\1.5.0\jsonassert-1.5.0.jar;C:\Users\Administrator\.m2\repository\com\vaadin\external\google\android-json\0.0.20131108.vaadin1\android-json-0.0.20131108.vaadin1.jar;C:\Users\Administrator\.m2\repository\org\springframework\spring-core\5.0.4.RELEASE\spring-core-5.0.4.RELEASE.jar;C:\Users\Administrator\.m2\repository\org\springframework\spring-jcl\5.0.4.RELEASE\spring-jcl-5.0.4.RELEASE.jar;C:\Users\Administrator\.m2\repository\org\springframework\spring-test\5.0.4.RELEASE\spring-test-5.0.4.RELEASE.jar;C:\Users\Administrator\.m2\repository\org\xmlunit\xmlunit-core\2.5.1\xmlunit-core-2.5.1.jar;C:\Users\Administrator\.m2\repository\io\projectreactor\reactor-test\3.1.5.RELEASE\reactor-test-3.1.5.RELEASE.jar;
2018-07-12 10:08:50.403 2852 [main] INFO  org.apache.zookeeper.ZooKeeper: 109 - Client environment:java.library.path=D:\Program Files\Java\jdk1.8.0_151\jre\bin;C:\windows\Sun\Java\bin;C:\windows\system32;C:\windows;C:\windows\system32;C:\windows;C:\windows\System32\Wbem;C:\windows\System32\WindowsPowerShell\v1.0\;d:\Program Files (x86)\Git\cmd;D:\Program Files\VanDyke Software\Clients\;D:\Program Files\Java\jdk1.8.0_151\bin;D:\Program Files\Java\jdk1.8.0_151\jre\bin;D:\Program Files\consul_1.0.1_windows_386\bin;D:\Program Files\nodejs\;D:\Program Files\wget-1.11.4-1-bin\bin;D:\Program Files\gradle-4.8.1-bin\bin;C:\Users\Administrator\AppData\Local\Microsoft\WindowsApps;C:\Users\Administrator\AppData\Roaming\npm;.
2018-07-12 10:08:50.404 2852 [main] INFO  org.apache.zookeeper.ZooKeeper: 109 - Client environment:java.io.tmpdir=C:\Users\Administrator\AppData\Local\Temp\
2018-07-12 10:08:50.406 2852 [main] INFO  org.apache.zookeeper.ZooKeeper: 109 - Client environment:java.compiler=<NA>
2018-07-12 10:08:50.407 2852 [main] INFO  org.apache.zookeeper.ZooKeeper: 109 - Client environment:os.name=Windows 10
2018-07-12 10:08:50.408 2852 [main] INFO  org.apache.zookeeper.ZooKeeper: 109 - Client environment:os.arch=amd64
2018-07-12 10:08:50.409 2852 [main] INFO  org.apache.zookeeper.ZooKeeper: 109 - Client environment:os.version=10.0
2018-07-12 10:08:50.410 2852 [main] INFO  org.apache.zookeeper.ZooKeeper: 109 - Client environment:user.name=Administrator
2018-07-12 10:08:50.411 2852 [main] INFO  org.apache.zookeeper.ZooKeeper: 109 - Client environment:user.home=C:\Users\Administrator
2018-07-12 10:08:50.415 2852 [main] INFO  org.apache.zookeeper.ZooKeeper: 109 - Client environment:user.dir=D:\project\spring-boot\micro-services\atom-service-search
2018-07-12 10:08:50.419 2852 [main] INFO  org.apache.zookeeper.ZooKeeper: 109 - Client environment:os.memory.free=97MB
2018-07-12 10:08:50.421 2852 [main] INFO  org.apache.zookeeper.ZooKeeper: 109 - Client environment:os.memory.max=1799MB
2018-07-12 10:08:50.422 2852 [main] INFO  org.apache.zookeeper.ZooKeeper: 109 - Client environment:os.memory.total=165MB
2018-07-12 10:08:50.471 2852 [main] INFO  o.a.c.f.imps.CuratorFrameworkImpl: 290 - Starting
2018-07-12 10:08:50.479 2852 [main] INFO  org.apache.zookeeper.ZooKeeper: 865 - Initiating client connection, connectString=localhost:2181 sessionTimeout=60000 watcher=org.apache.curator.ConnectionState@88a8218
2018-07-12 10:08:50.656 2852 [main] INFO  o.apache.zookeeper.ClientCnxnSocket: 236 - jute.maxbuffer value is 4194304 Bytes
2018-07-12 10:08:50.676 2852 [main-SendThread(localhost:2181)] INFO  org.apache.zookeeper.ClientCnxn: 1113 - Opening socket connection to server localhost/0:0:0:0:0:0:0:1:2181. Will not attempt to authenticate using SASL (unknown error)
2018-07-12 10:08:50.685 2852 [main] INFO  o.a.c.f.imps.CuratorFrameworkImpl: 332 - Default schema
2018-07-12 10:08:51.682 2852 [main-SendThread(localhost:2181)] WARN  org.apache.zookeeper.ClientCnxn: 1235 - Session 0x0 for server null, unexpected error, closing socket connection and attempting reconnect
java.net.ConnectException: Connection refused: no further information
	at sun.nio.ch.SocketChannelImpl.checkConnect(Native Method)
	at sun.nio.ch.SocketChannelImpl.finishConnect(SocketChannelImpl.java:717)
	at org.apache.zookeeper.ClientCnxnSocketNIO.doTransport(ClientCnxnSocketNIO.java:357)
	at org.apache.zookeeper.ClientCnxn$SendThread.run(ClientCnxn.java:1214)
2018-07-12 10:08:51.796 2852 [main-SendThread(localhost:2181)] INFO  org.apache.zookeeper.ClientCnxn: 1113 - Opening socket connection to server localhost/127.0.0.1:2181. Will not attempt to authenticate using SASL (unknown error)
2018-07-12 10:08:52.798 2852 [main-SendThread(localhost:2181)] WARN  org.apache.zookeeper.ClientCnxn: 1235 - Session 0x0 for server null, unexpected error, closing socket connection and attempting reconnect
java.net.ConnectException: Connection refused: no further information
	at sun.nio.ch.SocketChannelImpl.checkConnect(Native Method)
	at sun.nio.ch.SocketChannelImpl.finishConnect(SocketChannelImpl.java:717)
	at org.apache.zookeeper.ClientCnxnSocketNIO.doTransport(ClientCnxnSocketNIO.java:357)
	at org.apache.zookeeper.ClientCnxn$SendThread.run(ClientCnxn.java:1214)
2018-07-12 10:08:53.900 2852 [main-SendThread(localhost:2181)] INFO  org.apache.zookeeper.ClientCnxn: 1113 - Opening socket connection to server localhost/0:0:0:0:0:0:0:1:2181. Will not attempt to authenticate using SASL (unknown error)
2018-07-12 10:08:54.904 2852 [main-SendThread(localhost:2181)] WARN  org.apache.zookeeper.ClientCnxn: 1235 - Session 0x0 for server null, unexpected error, closing socket connection and attempting reconnect
java.net.ConnectException: Connection refused: no further information
	at sun.nio.ch.SocketChannelImpl.checkConnect(Native Method)
	at sun.nio.ch.SocketChannelImpl.finishConnect(SocketChannelImpl.java:717)
	at org.apache.zookeeper.ClientCnxnSocketNIO.doTransport(ClientCnxnSocketNIO.java:357)
	at org.apache.zookeeper.ClientCnxn$SendThread.run(ClientCnxn.java:1214)
2018-07-12 10:08:55.006 2852 [main-SendThread(localhost:2181)] INFO  org.apache.zookeeper.ClientCnxn: 1113 - Opening socket connection to server localhost/127.0.0.1:2181. Will not attempt to authenticate using SASL (unknown error)
2018-07-12 10:08:56.009 2852 [main-SendThread(localhost:2181)] WARN  org.apache.zookeeper.ClientCnxn: 1235 - Session 0x0 for server null, unexpected error, closing socket connection and attempting reconnect
java.net.ConnectException: Connection refused: no further information
	at sun.nio.ch.SocketChannelImpl.checkConnect(Native Method)
	at sun.nio.ch.SocketChannelImpl.finishConnect(SocketChannelImpl.java:717)
	at org.apache.zookeeper.ClientCnxnSocketNIO.doTransport(ClientCnxnSocketNIO.java:357)
	at org.apache.zookeeper.ClientCnxn$SendThread.run(ClientCnxn.java:1214)
2018-07-12 10:08:57.111 2852 [main-SendThread(localhost:2181)] INFO  org.apache.zookeeper.ClientCnxn: 1113 - Opening socket connection to server localhost/0:0:0:0:0:0:0:1:2181. Will not attempt to authenticate using SASL (unknown error)
2018-07-12 10:08:58.114 2852 [main-SendThread(localhost:2181)] WARN  org.apache.zookeeper.ClientCnxn: 1235 - Session 0x0 for server null, unexpected error, closing socket connection and attempting reconnect
java.net.ConnectException: Connection refused: no further information
	at sun.nio.ch.SocketChannelImpl.checkConnect(Native Method)
	at sun.nio.ch.SocketChannelImpl.finishConnect(SocketChannelImpl.java:717)
	at org.apache.zookeeper.ClientCnxnSocketNIO.doTransport(ClientCnxnSocketNIO.java:357)
	at org.apache.zookeeper.ClientCnxn$SendThread.run(ClientCnxn.java:1214)
2018-07-12 10:08:58.216 2852 [main-SendThread(localhost:2181)] INFO  org.apache.zookeeper.ClientCnxn: 1113 - Opening socket connection to server localhost/127.0.0.1:2181. Will not attempt to authenticate using SASL (unknown error)
2018-07-12 10:08:59.218 2852 [main-SendThread(localhost:2181)] WARN  org.apache.zookeeper.ClientCnxn: 1235 - Session 0x0 for server null, unexpected error, closing socket connection and attempting reconnect
java.net.ConnectException: Connection refused: no further information
	at sun.nio.ch.SocketChannelImpl.checkConnect(Native Method)
	at sun.nio.ch.SocketChannelImpl.finishConnect(SocketChannelImpl.java:717)
	at org.apache.zookeeper.ClientCnxnSocketNIO.doTransport(ClientCnxnSocketNIO.java:357)
	at org.apache.zookeeper.ClientCnxn$SendThread.run(ClientCnxn.java:1214)
2018-07-12 10:09:00.320 2852 [main-SendThread(localhost:2181)] INFO  org.apache.zookeeper.ClientCnxn: 1113 - Opening socket connection to server localhost/0:0:0:0:0:0:0:1:2181. Will not attempt to authenticate using SASL (unknown error)
2018-07-12 10:09:02.424 2852 [main-SendThread(localhost:2181)] WARN  org.apache.zookeeper.ClientCnxn: 1235 - Session 0x0 for server null, unexpected error, closing socket connection and attempting reconnect
java.net.ConnectException: Connection refused: no further information
	at sun.nio.ch.SocketChannelImpl.checkConnect(Native Method)
	at sun.nio.ch.SocketChannelImpl.finishConnect(SocketChannelImpl.java:717)
	at org.apache.zookeeper.ClientCnxnSocketNIO.doTransport(ClientCnxnSocketNIO.java:357)
	at org.apache.zookeeper.ClientCnxn$SendThread.run(ClientCnxn.java:1214)
2018-07-12 10:09:03.525 2852 [main-SendThread(localhost:2181)] INFO  org.apache.zookeeper.ClientCnxn: 1113 - Opening socket connection to server localhost/0:0:0:0:0:0:0:1:2181. Will not attempt to authenticate using SASL (unknown error)
2018-07-12 10:09:04.530 2852 [main-SendThread(localhost:2181)] WARN  org.apache.zookeeper.ClientCnxn: 1235 - Session 0x0 for server null, unexpected error, closing socket connection and attempting reconnect
java.net.ConnectException: Connection refused: no further information
	at sun.nio.ch.SocketChannelImpl.checkConnect(Native Method)
	at sun.nio.ch.SocketChannelImpl.finishConnect(SocketChannelImpl.java:717)
	at org.apache.zookeeper.ClientCnxnSocketNIO.doTransport(ClientCnxnSocketNIO.java:357)
	at org.apache.zookeeper.ClientCnxn$SendThread.run(ClientCnxn.java:1214)
2018-07-12 10:09:04.632 2852 [main-SendThread(localhost:2181)] INFO  org.apache.zookeeper.ClientCnxn: 1113 - Opening socket connection to server localhost/127.0.0.1:2181. Will not attempt to authenticate using SASL (unknown error)
2018-07-12 10:09:05.635 2852 [main-SendThread(localhost:2181)] WARN  org.apache.zookeeper.ClientCnxn: 1235 - Session 0x0 for server null, unexpected error, closing socket connection and attempting reconnect
java.net.ConnectException: Connection refused: no further information
	at sun.nio.ch.SocketChannelImpl.checkConnect(Native Method)
	at sun.nio.ch.SocketChannelImpl.finishConnect(SocketChannelImpl.java:717)
	at org.apache.zookeeper.ClientCnxnSocketNIO.doTransport(ClientCnxnSocketNIO.java:357)
	at org.apache.zookeeper.ClientCnxn$SendThread.run(ClientCnxn.java:1214)
2018-07-12 10:09:06.018 2852 [Curator-Framework-0] WARN  o.a.c.retry.ExponentialBackoffRetry: 74 - Sleep extension too large (600). Pinning to 500
2018-07-12 10:09:06.523 2852 [Curator-Framework-0] WARN  o.a.c.retry.ExponentialBackoffRetry: 74 - Sleep extension too large (1200). Pinning to 500
2018-07-12 10:09:06.737 2852 [main-SendThread(localhost:2181)] INFO  org.apache.zookeeper.ClientCnxn: 1113 - Opening socket connection to server localhost/0:0:0:0:0:0:0:1:2181. Will not attempt to authenticate using SASL (unknown error)
2018-07-12 10:09:07.027 2852 [Curator-Framework-0] WARN  o.a.c.retry.ExponentialBackoffRetry: 74 - Sleep extension too large (950). Pinning to 500
2018-07-12 10:09:07.529 2852 [Curator-Framework-0] WARN  o.a.c.retry.ExponentialBackoffRetry: 74 - Sleep extension too large (3700). Pinning to 500
2018-07-12 10:09:07.740 2852 [main-SendThread(localhost:2181)] WARN  org.apache.zookeeper.ClientCnxn: 1235 - Session 0x0 for server null, unexpected error, closing socket connection and attempting reconnect
java.net.ConnectException: Connection refused: no further information
	at sun.nio.ch.SocketChannelImpl.checkConnect(Native Method)
	at sun.nio.ch.SocketChannelImpl.finishConnect(SocketChannelImpl.java:717)
	at org.apache.zookeeper.ClientCnxnSocketNIO.doTransport(ClientCnxnSocketNIO.java:357)
	at org.apache.zookeeper.ClientCnxn$SendThread.run(ClientCnxn.java:1214)
2018-07-12 10:09:07.842 2852 [main-SendThread(localhost:2181)] INFO  org.apache.zookeeper.ClientCnxn: 1113 - Opening socket connection to server localhost/127.0.0.1:2181. Will not attempt to authenticate using SASL (unknown error)
2018-07-12 10:09:08.031 2852 [Curator-Framework-0] WARN  o.a.c.retry.ExponentialBackoffRetry: 74 - Sleep extension too large (5450). Pinning to 500
2018-07-12 10:09:08.532 2852 [Curator-Framework-0] WARN  o.a.c.retry.ExponentialBackoffRetry: 74 - Sleep extension too large (14700). Pinning to 500
2018-07-12 10:09:08.845 2852 [main-SendThread(localhost:2181)] WARN  org.apache.zookeeper.ClientCnxn: 1235 - Session 0x0 for server null, unexpected error, closing socket connection and attempting reconnect
java.net.ConnectException: Connection refused: no further information
	at sun.nio.ch.SocketChannelImpl.checkConnect(Native Method)
	at sun.nio.ch.SocketChannelImpl.finishConnect(SocketChannelImpl.java:717)
	at org.apache.zookeeper.ClientCnxnSocketNIO.doTransport(ClientCnxnSocketNIO.java:357)
	at org.apache.zookeeper.ClientCnxn$SendThread.run(ClientCnxn.java:1214)
2018-07-12 10:09:09.033 2852 [Curator-Framework-0] WARN  o.a.c.retry.ExponentialBackoffRetry: 74 - Sleep extension too large (24000). Pinning to 500
2018-07-12 10:09:09.538 2852 [Curator-Framework-0] INFO  o.a.c.f.state.ConnectionStateManager: 237 - State change: SUSPENDED
2018-07-12 10:09:09.539 2852 [Curator-Framework-0] ERROR o.a.c.f.imps.CuratorFrameworkImpl: 676 - Background operation retry gave up
org.apache.zookeeper.KeeperException$ConnectionLossException: KeeperErrorCode = ConnectionLoss
	at org.apache.zookeeper.KeeperException.create(KeeperException.java:99)
	at org.apache.curator.framework.imps.CuratorFrameworkImpl.checkBackgroundRetry(CuratorFrameworkImpl.java:844)
	at org.apache.curator.framework.imps.CuratorFrameworkImpl.performBackgroundOperation(CuratorFrameworkImpl.java:972)
	at org.apache.curator.framework.imps.CuratorFrameworkImpl.backgroundOperationsLoop(CuratorFrameworkImpl.java:925)
	at org.apache.curator.framework.imps.CuratorFrameworkImpl.access$300(CuratorFrameworkImpl.java:73)
	at org.apache.curator.framework.imps.CuratorFrameworkImpl$4.call(CuratorFrameworkImpl.java:322)
	at java.util.concurrent.FutureTask.run(FutureTask.java:266)
	at java.util.concurrent.ScheduledThreadPoolExecutor$ScheduledFutureTask.access$201(ScheduledThreadPoolExecutor.java:180)
	at java.util.concurrent.ScheduledThreadPoolExecutor$ScheduledFutureTask.run(ScheduledThreadPoolExecutor.java:293)
	at java.util.concurrent.ThreadPoolExecutor.runWorker(ThreadPoolExecutor.java:1149)
	at java.util.concurrent.ThreadPoolExecutor$Worker.run(ThreadPoolExecutor.java:624)
	at java.lang.Thread.run(Thread.java:748)
2018-07-12 10:09:09.541 2852 [Curator-Framework-0] ERROR o.a.c.f.imps.CuratorFrameworkImpl: 676 - Background retry gave up
org.apache.curator.CuratorConnectionLossException: KeeperErrorCode = ConnectionLoss
	at org.apache.curator.framework.imps.CuratorFrameworkImpl.performBackgroundOperation(CuratorFrameworkImpl.java:954)
	at org.apache.curator.framework.imps.CuratorFrameworkImpl.backgroundOperationsLoop(CuratorFrameworkImpl.java:925)
	at org.apache.curator.framework.imps.CuratorFrameworkImpl.access$300(CuratorFrameworkImpl.java:73)
	at org.apache.curator.framework.imps.CuratorFrameworkImpl$4.call(CuratorFrameworkImpl.java:322)
	at java.util.concurrent.FutureTask.run(FutureTask.java:266)
	at java.util.concurrent.ScheduledThreadPoolExecutor$ScheduledFutureTask.access$201(ScheduledThreadPoolExecutor.java:180)
	at java.util.concurrent.ScheduledThreadPoolExecutor$ScheduledFutureTask.run(ScheduledThreadPoolExecutor.java:293)
	at java.util.concurrent.ThreadPoolExecutor.runWorker(ThreadPoolExecutor.java:1149)
	at java.util.concurrent.ThreadPoolExecutor$Worker.run(ThreadPoolExecutor.java:624)
	at java.lang.Thread.run(Thread.java:748)
2018-07-12 10:09:09.947 2852 [main-SendThread(localhost:2181)] INFO  org.apache.zookeeper.ClientCnxn: 1113 - Opening socket connection to server localhost/0:0:0:0:0:0:0:1:2181. Will not attempt to authenticate using SASL (unknown error)
2018-07-12 10:09:10.949 2852 [main-SendThread(localhost:2181)] WARN  org.apache.zookeeper.ClientCnxn: 1235 - Session 0x0 for server null, unexpected error, closing socket connection and attempting reconnect
java.net.ConnectException: Connection refused: no further information
	at sun.nio.ch.SocketChannelImpl.checkConnect(Native Method)
	at sun.nio.ch.SocketChannelImpl.finishConnect(SocketChannelImpl.java:717)
	at org.apache.zookeeper.ClientCnxnSocketNIO.doTransport(ClientCnxnSocketNIO.java:357)
	at org.apache.zookeeper.ClientCnxn$SendThread.run(ClientCnxn.java:1214)
2018-07-12 10:09:11.050 2852 [main-SendThread(localhost:2181)] INFO  org.apache.zookeeper.ClientCnxn: 1113 - Opening socket connection to server localhost/127.0.0.1:2181. Will not attempt to authenticate using SASL (unknown error)
2018-07-12 10:09:12.052 2852 [main-SendThread(localhost:2181)] WARN  org.apache.zookeeper.ClientCnxn: 1235 - Session 0x0 for server null, unexpected error, closing socket connection and attempting reconnect
java.net.ConnectException: Connection refused: no further information
	at sun.nio.ch.SocketChannelImpl.checkConnect(Native Method)
	at sun.nio.ch.SocketChannelImpl.finishConnect(SocketChannelImpl.java:717)
	at org.apache.zookeeper.ClientCnxnSocketNIO.doTransport(ClientCnxnSocketNIO.java:357)
	at org.apache.zookeeper.ClientCnxn$SendThread.run(ClientCnxn.java:1214)
2018-07-12 10:09:13.152 2852 [main-SendThread(localhost:2181)] INFO  org.apache.zookeeper.ClientCnxn: 1113 - Opening socket connection to server localhost/0:0:0:0:0:0:0:1:2181. Will not attempt to authenticate using SASL (unknown error)
2018-07-12 10:09:14.155 2852 [main-SendThread(localhost:2181)] WARN  org.apache.zookeeper.ClientCnxn: 1235 - Session 0x0 for server null, unexpected error, closing socket connection and attempting reconnect
java.net.ConnectException: Connection refused: no further information
	at sun.nio.ch.SocketChannelImpl.checkConnect(Native Method)
	at sun.nio.ch.SocketChannelImpl.finishConnect(SocketChannelImpl.java:717)
	at org.apache.zookeeper.ClientCnxnSocketNIO.doTransport(ClientCnxnSocketNIO.java:357)
	at org.apache.zookeeper.ClientCnxn$SendThread.run(ClientCnxn.java:1214)
2018-07-12 10:09:14.256 2852 [main-SendThread(localhost:2181)] INFO  org.apache.zookeeper.ClientCnxn: 1113 - Opening socket connection to server localhost/127.0.0.1:2181. Will not attempt to authenticate using SASL (unknown error)
2018-07-12 10:09:15.260 2852 [main-SendThread(localhost:2181)] WARN  org.apache.zookeeper.ClientCnxn: 1235 - Session 0x0 for server null, unexpected error, closing socket connection and attempting reconnect
java.net.ConnectException: Connection refused: no further information
	at sun.nio.ch.SocketChannelImpl.checkConnect(Native Method)
	at sun.nio.ch.SocketChannelImpl.finishConnect(SocketChannelImpl.java:717)
	at org.apache.zookeeper.ClientCnxnSocketNIO.doTransport(ClientCnxnSocketNIO.java:357)
	at org.apache.zookeeper.ClientCnxn$SendThread.run(ClientCnxn.java:1214)
2018-07-12 10:09:16.361 2852 [main-SendThread(localhost:2181)] INFO  org.apache.zookeeper.ClientCnxn: 1113 - Opening socket connection to server localhost/0:0:0:0:0:0:0:1:2181. Will not attempt to authenticate using SASL (unknown error)
2018-07-12 10:09:17.363 2852 [main-SendThread(localhost:2181)] WARN  org.apache.zookeeper.ClientCnxn: 1235 - Session 0x0 for server null, unexpected error, closing socket connection and attempting reconnect
java.net.ConnectException: Connection refused: no further information
	at sun.nio.ch.SocketChannelImpl.checkConnect(Native Method)
	at sun.nio.ch.SocketChannelImpl.finishConnect(SocketChannelImpl.java:717)
	at org.apache.zookeeper.ClientCnxnSocketNIO.doTransport(ClientCnxnSocketNIO.java:357)
	at org.apache.zookeeper.ClientCnxn$SendThread.run(ClientCnxn.java:1214)
2018-07-12 10:09:17.466 2852 [main-SendThread(localhost:2181)] INFO  org.apache.zookeeper.ClientCnxn: 1113 - Opening socket connection to server localhost/127.0.0.1:2181. Will not attempt to authenticate using SASL (unknown error)
2018-07-12 10:09:18.468 2852 [main-SendThread(localhost:2181)] WARN  org.apache.zookeeper.ClientCnxn: 1235 - Session 0x0 for server null, unexpected error, closing socket connection and attempting reconnect
java.net.ConnectException: Connection refused: no further information
	at sun.nio.ch.SocketChannelImpl.checkConnect(Native Method)
	at sun.nio.ch.SocketChannelImpl.finishConnect(SocketChannelImpl.java:717)
	at org.apache.zookeeper.ClientCnxnSocketNIO.doTransport(ClientCnxnSocketNIO.java:357)
	at org.apache.zookeeper.ClientCnxn$SendThread.run(ClientCnxn.java:1214)
2018-07-12 10:09:37.889 8244 [main] INFO  o.s.c.a.AnnotationConfigApplicationContext: 589 - Refreshing org.springframework.context.annotation.AnnotationConfigApplicationContext@525575: startup date [Thu Jul 12 10:09:37 CST 2018]; root of context hierarchy
2018-07-12 10:09:38.472 8244 [main] INFO  o.s.c.s.PostProcessorRegistrationDelegate$BeanPostProcessorChecker: 328 - Bean 'configurationPropertiesRebinderAutoConfiguration' of type [org.springframework.cloud.autoconfigure.ConfigurationPropertiesRebinderAutoConfiguration$$EnhancerBySpringCGLIB$$8f964fb8] is not eligible for getting processed by all BeanPostProcessors (for example: not eligible for auto-proxying)
2018-07-12 10:09:48.087 8244 [main] INFO  org.apache.zookeeper.ZooKeeper: 109 - Client environment:zookeeper.version=3.5.3-beta-8ce24f9e675cbefffb8f21a47e06b42864475a60, built on 04/03/2017 16:19 GMT
2018-07-12 10:09:48.091 8244 [main] INFO  org.apache.zookeeper.ZooKeeper: 109 - Client environment:host.name=DBVYT2Z9NYUCVRA
2018-07-12 10:09:48.093 8244 [main] INFO  org.apache.zookeeper.ZooKeeper: 109 - Client environment:java.version=1.8.0_151
2018-07-12 10:09:48.095 8244 [main] INFO  org.apache.zookeeper.ZooKeeper: 109 - Client environment:java.vendor=Oracle Corporation
2018-07-12 10:09:48.097 8244 [main] INFO  org.apache.zookeeper.ZooKeeper: 109 - Client environment:java.home=D:\Program Files\Java\jdk1.8.0_151\jre
2018-07-12 10:09:48.098 8244 [main] INFO  org.apache.zookeeper.ZooKeeper: 109 - Client environment:java.class.path=D:\project\spring-boot\micro-services\atom-service-search\target\test-classes;D:\project\spring-boot\micro-services\atom-service-search\target\classes;C:\Users\Administrator\.m2\repository\com\northbrain\base-common-util\0.0.1-SNAPSHOT\base-common-util-0.0.1-SNAPSHOT.jar;C:\Users\Administrator\.m2\repository\org\springframework\boot\spring-boot-starter-aop\2.0.0.RELEASE\spring-boot-starter-aop-2.0.0.RELEASE.jar;C:\Users\Administrator\.m2\repository\org\springframework\spring-aop\5.0.4.RELEASE\spring-aop-5.0.4.RELEASE.jar;C:\Users\Administrator\.m2\repository\org\aspectj\aspectjweaver\1.8.13\aspectjweaver-1.8.13.jar;C:\Users\Administrator\.m2\repository\org\springframework\boot\spring-boot-starter-data-elasticsearch\2.0.0.RELEASE\spring-boot-starter-data-elasticsearch-2.0.0.RELEASE.jar;C:\Users\Administrator\.m2\repository\org\springframework\boot\spring-boot-starter\2.0.0.RELEASE\spring-boot-starter-2.0.0.RELEASE.jar;C:\Users\Administrator\.m2\repository\org\springframework\boot\spring-boot\2.0.0.RELEASE\spring-boot-2.0.0.RELEASE.jar;C:\Users\Administrator\.m2\repository\org\springframework\boot\spring-boot-autoconfigure\2.0.0.RELEASE\spring-boot-autoconfigure-2.0.0.RELEASE.jar;C:\Users\Administrator\.m2\repository\org\springframework\boot\spring-boot-starter-logging\2.0.0.RELEASE\spring-boot-starter-logging-2.0.0.RELEASE.jar;C:\Users\Administrator\.m2\repository\ch\qos\logback\logback-classic\1.2.3\logback-classic-1.2.3.jar;C:\Users\Administrator\.m2\repository\ch\qos\logback\logback-core\1.2.3\logback-core-1.2.3.jar;C:\Users\Administrator\.m2\repository\org\apache\logging\log4j\log4j-to-slf4j\2.10.0\log4j-to-slf4j-2.10.0.jar;C:\Users\Administrator\.m2\repository\org\slf4j\jul-to-slf4j\1.7.25\jul-to-slf4j-1.7.25.jar;C:\Users\Administrator\.m2\repository\javax\annotation\javax.annotation-api\1.3.2\javax.annotation-api-1.3.2.jar;C:\Users\Administrator\.m2\repository\org\yaml\snakeyaml\1.19\snakeyaml-1.19.jar;C:\Users\Administrator\.m2\repository\org\springframework\data\spring-data-elasticsearch\3.0.5.RELEASE\spring-data-elasticsearch-3.0.5.RELEASE.jar;C:\Users\Administrator\.m2\repository\org\springframework\spring-context\5.0.4.RELEASE\spring-context-5.0.4.RELEASE.jar;C:\Users\Administrator\.m2\repository\org\springframework\spring-tx\5.0.4.RELEASE\spring-tx-5.0.4.RELEASE.jar;C:\Users\Administrator\.m2\repository\org\springframework\data\spring-data-commons\2.0.5.RELEASE\spring-data-commons-2.0.5.RELEASE.jar;C:\Users\Administrator\.m2\repository\commons-lang\commons-lang\2.6\commons-lang-2.6.jar;C:\Users\Administrator\.m2\repository\joda-time\joda-time\2.9.9\joda-time-2.9.9.jar;C:\Users\Administrator\.m2\repository\org\elasticsearch\elasticsearch\5.6.8\elasticsearch-5.6.8.jar;C:\Users\Administrator\.m2\repository\org\apache\lucene\lucene-core\6.6.1\lucene-core-6.6.1.jar;C:\Users\Administrator\.m2\repository\org\apache\lucene\lucene-analyzers-common\6.6.1\lucene-analyzers-common-6.6.1.jar;C:\Users\Administrator\.m2\repository\org\apache\lucene\lucene-backward-codecs\6.6.1\lucene-backward-codecs-6.6.1.jar;C:\Users\Administrator\.m2\repository\org\apache\lucene\lucene-grouping\6.6.1\lucene-grouping-6.6.1.jar;C:\Users\Administrator\.m2\repository\org\apache\lucene\lucene-highlighter\6.6.1\lucene-highlighter-6.6.1.jar;C:\Users\Administrator\.m2\repository\org\apache\lucene\lucene-join\6.6.1\lucene-join-6.6.1.jar;C:\Users\Administrator\.m2\repository\org\apache\lucene\lucene-memory\6.6.1\lucene-memory-6.6.1.jar;C:\Users\Administrator\.m2\repository\org\apache\lucene\lucene-misc\6.6.1\lucene-misc-6.6.1.jar;C:\Users\Administrator\.m2\repository\org\apache\lucene\lucene-queries\6.6.1\lucene-queries-6.6.1.jar;C:\Users\Administrator\.m2\repository\org\apache\lucene\lucene-queryparser\6.6.1\lucene-queryparser-6.6.1.jar;C:\Users\Administrator\.m2\repository\org\apache\lucene\lucene-sandbox\6.6.1\lucene-sandbox-6.6.1.jar;C:\Users\Administrator\.m2\repository\org\apache\lucene\lucene-spatial\6.6.1\lucene-spatial-6.6.1.jar;C:\Users\Administrator\.m2\repository\org\apache\lucene\lucene-spatial-extras\6.6.1\lucene-spatial-extras-6.6.1.jar;C:\Users\Administrator\.m2\repository\org\apache\lucene\lucene-spatial3d\6.6.1\lucene-spatial3d-6.6.1.jar;C:\Users\Administrator\.m2\repository\org\apache\lucene\lucene-suggest\6.6.1\lucene-suggest-6.6.1.jar;C:\Users\Administrator\.m2\repository\org\elasticsearch\securesm\1.2\securesm-1.2.jar;C:\Users\Administrator\.m2\repository\net\sf\jopt-simple\jopt-simple\5.0.2\jopt-simple-5.0.2.jar;C:\Users\Administrator\.m2\repository\com\carrotsearch\hppc\0.7.1\hppc-0.7.1.jar;C:\Users\Administrator\.m2\repository\com\fasterxml\jackson\dataformat\jackson-dataformat-smile\2.9.4\jackson-dataformat-smile-2.9.4.jar;C:\Users\Administrator\.m2\repository\com\fasterxml\jackson\dataformat\jackson-dataformat-yaml\2.9.4\jackson-dataformat-yaml-2.9.4.jar;C:\Users\Administrator\.m2\repository\com\fasterxml\jackson\dataformat\jackson-dataformat-cbor\2.9.4\jackson-dataformat-cbor-2.9.4.jar;C:\Users\Administrator\.m2\repository\com\tdunning\t-digest\3.0\t-digest-3.0.jar;C:\Users\Administrator\.m2\repository\org\apache\logging\log4j\log4j-api\2.10.0\log4j-api-2.10.0.jar;C:\Users\Administrator\.m2\repository\org\elasticsearch\jna\4.4.0-1\jna-4.4.0-1.jar;C:\Users\Administrator\.m2\repository\org\elasticsearch\client\transport\5.6.8\transport-5.6.8.jar;C:\Users\Administrator\.m2\repository\org\elasticsearch\plugin\transport-netty3-client\5.6.8\transport-netty3-client-5.6.8.jar;C:\Users\Administrator\.m2\repository\io\netty\netty\3.10.6.Final\netty-3.10.6.Final.jar;C:\Users\Administrator\.m2\repository\org\elasticsearch\plugin\reindex-client\5.6.8\reindex-client-5.6.8.jar;C:\Users\Administrator\.m2\repository\org\elasticsearch\client\elasticsearch-rest-client\5.6.8\elasticsearch-rest-client-5.6.8.jar;C:\Users\Administrator\.m2\repository\org\apache\httpcomponents\httpclient\4.5.5\httpclient-4.5.5.jar;C:\Users\Administrator\.m2\repository\org\apache\httpcomponents\httpcore\4.4.9\httpcore-4.4.9.jar;C:\Users\Administrator\.m2\repository\org\apache\httpcomponents\httpasyncclient\4.1.3\httpasyncclient-4.1.3.jar;C:\Users\Administrator\.m2\repository\org\apache\httpcomponents\httpcore-nio\4.4.9\httpcore-nio-4.4.9.jar;C:\Users\Administrator\.m2\repository\commons-codec\commons-codec\1.11\commons-codec-1.11.jar;C:\Users\Administrator\.m2\repository\org\elasticsearch\plugin\lang-mustache-client\5.6.8\lang-mustache-client-5.6.8.jar;C:\Users\Administrator\.m2\repository\com\github\spullara\mustache\java\compiler\0.9.3\compiler-0.9.3.jar;C:\Users\Administrator\.m2\repository\org\elasticsearch\plugin\percolator-client\5.6.8\percolator-client-5.6.8.jar;C:\Users\Administrator\.m2\repository\org\elasticsearch\plugin\parent-join-client\5.6.8\parent-join-client-5.6.8.jar;C:\Users\Administrator\.m2\repository\com\fasterxml\jackson\core\jackson-core\2.9.4\jackson-core-2.9.4.jar;C:\Users\Administrator\.m2\repository\com\fasterxml\jackson\core\jackson-databind\2.9.4\jackson-databind-2.9.4.jar;C:\Users\Administrator\.m2\repository\com\fasterxml\jackson\core\jackson-annotations\2.9.0\jackson-annotations-2.9.0.jar;C:\Users\Administrator\.m2\repository\org\elasticsearch\plugin\transport-netty4-client\5.6.8\transport-netty4-client-5.6.8.jar;C:\Users\Administrator\.m2\repository\io\netty\netty-buffer\4.1.22.Final\netty-buffer-4.1.22.Final.jar;C:\Users\Administrator\.m2\repository\io\netty\netty-codec\4.1.22.Final\netty-codec-4.1.22.Final.jar;C:\Users\Administrator\.m2\repository\io\netty\netty-codec-http\4.1.22.Final\netty-codec-http-4.1.22.Final.jar;C:\Users\Administrator\.m2\repository\io\netty\netty-common\4.1.22.Final\netty-common-4.1.22.Final.jar;C:\Users\Administrator\.m2\repository\io\netty\netty-handler\4.1.22.Final\netty-handler-4.1.22.Final.jar;C:\Users\Administrator\.m2\repository\io\netty\netty-resolver\4.1.22.Final\netty-resolver-4.1.22.Final.jar;C:\Users\Administrator\.m2\repository\io\netty\netty-transport\4.1.22.Final\netty-transport-4.1.22.Final.jar;C:\Users\Administrator\.m2\repository\org\locationtech\spatial4j\spatial4j\0.6\spatial4j-0.6.jar;C:\Users\Administrator\.m2\repository\com\vividsolutions\jts\1.13\jts-1.13.jar;C:\Users\Administrator\.m2\repository\org\springframework\boot\spring-boot-starter-actuator\2.0.0.RELEASE\spring-boot-starter-actuator-2.0.0.RELEASE.jar;C:\Users\Administrator\.m2\repository\org\springframework\boot\spring-boot-actuator-autoconfigure\2.0.0.RELEASE\spring-boot-actuator-autoconfigure-2.0.0.RELEASE.jar;C:\Users\Administrator\.m2\repository\org\springframework\boot\spring-boot-actuator\2.0.0.RELEASE\spring-boot-actuator-2.0.0.RELEASE.jar;C:\Users\Administrator\.m2\repository\com\fasterxml\jackson\datatype\jackson-datatype-jsr310\2.9.4\jackson-datatype-jsr310-2.9.4.jar;C:\Users\Administrator\.m2\repository\io\micrometer\micrometer-core\1.0.1\micrometer-core-1.0.1.jar;C:\Users\Administrator\.m2\repository\org\hdrhistogram\HdrHistogram\2.1.10\HdrHistogram-2.1.10.jar;C:\Users\Administrator\.m2\repository\org\latencyutils\LatencyUtils\2.0.3\LatencyUtils-2.0.3.jar;C:\Users\Administrator\.m2\repository\org\springframework\boot\spring-boot-starter-webflux\2.0.0.RELEASE\spring-boot-starter-webflux-2.0.0.RELEASE.jar;C:\Users\Administrator\.m2\repository\org\springframework\boot\spring-boot-starter-json\2.0.0.RELEASE\spring-boot-starter-json-2.0.0.RELEASE.jar;C:\Users\Administrator\.m2\repository\com\fasterxml\jackson\datatype\jackson-datatype-jdk8\2.9.4\jackson-datatype-jdk8-2.9.4.jar;C:\Users\Administrator\.m2\repository\com\fasterxml\jackson\module\jackson-module-parameter-names\2.9.4\jackson-module-parameter-names-2.9.4.jar;C:\Users\Administrator\.m2\repository\org\springframework\boot\spring-boot-starter-reactor-netty\2.0.0.RELEASE\spring-boot-starter-reactor-netty-2.0.0.RELEASE.jar;C:\Users\Administrator\.m2\repository\io\projectreactor\ipc\reactor-netty\0.7.5.RELEASE\reactor-netty-0.7.5.RELEASE.jar;C:\Users\Administrator\.m2\repository\io\netty\netty-handler-proxy\4.1.22.Final\netty-handler-proxy-4.1.22.Final.jar;C:\Users\Administrator\.m2\repository\io\netty\netty-codec-socks\4.1.22.Final\netty-codec-socks-4.1.22.Final.jar;C:\Users\Administrator\.m2\repository\io\netty\netty-transport-native-epoll\4.1.22.Final\netty-transport-native-epoll-4.1.22.Final.jar;C:\Users\Administrator\.m2\repository\io\netty\netty-transport-native-unix-common\4.1.22.Final\netty-transport-native-unix-common-4.1.22.Final.jar;C:\Users\Administrator\.m2\repository\org\hibernate\validator\hibernate-validator\6.0.7.Final\hibernate-validator-6.0.7.Final.jar;C:\Users\Administrator\.m2\repository\javax\validation\validation-api\2.0.1.Final\validation-api-2.0.1.Final.jar;C:\Users\Administrator\.m2\repository\org\jboss\logging\jboss-logging\3.3.2.Final\jboss-logging-3.3.2.Final.jar;C:\Users\Administrator\.m2\repository\com\fasterxml\classmate\1.3.4\classmate-1.3.4.jar;C:\Users\Administrator\.m2\repository\org\springframework\spring-web\5.0.4.RELEASE\spring-web-5.0.4.RELEASE.jar;C:\Users\Administrator\.m2\repository\org\springframework\spring-beans\5.0.4.RELEASE\spring-beans-5.0.4.RELEASE.jar;C:\Users\Administrator\.m2\repository\org\springframework\spring-webflux\5.0.4.RELEASE\spring-webflux-5.0.4.RELEASE.jar;C:\Users\Administrator\.m2\repository\org\springframework\boot\spring-boot-configuration-processor\1.2.0.RELEASE\spring-boot-configuration-processor-1.2.0.RELEASE.jar;C:\Users\Administrator\.m2\repository\org\json\json\20140107\json-20140107.jar;C:\Users\Administrator\.m2\repository\org\projectlombok\lombok\1.16.20\lombok-1.16.20.jar;C:\Users\Administrator\.m2\repository\org\synchronoss\cloud\nio-multipart-parser\1.1.0\nio-multipart-parser-1.1.0.jar;C:\Users\Administrator\.m2\repository\org\slf4j\slf4j-api\1.7.25\slf4j-api-1.7.25.jar;C:\Users\Administrator\.m2\repository\org\synchronoss\cloud\nio-stream-storage\1.1.3\nio-stream-storage-1.1.3.jar;C:\Users\Administrator\.m2\repository\org\springframework\boot\spring-boot-starter-data-mongodb-reactive\2.0.0.RELEASE\spring-boot-starter-data-mongodb-reactive-2.0.0.RELEASE.jar;C:\Users\Administrator\.m2\repository\org\springframework\data\spring-data-mongodb\2.0.5.RELEASE\spring-data-mongodb-2.0.5.RELEASE.jar;C:\Users\Administrator\.m2\repository\org\springframework\spring-expression\5.0.4.RELEASE\spring-expression-5.0.4.RELEASE.jar;C:\Users\Administrator\.m2\repository\org\mongodb\mongodb-driver\3.6.3\mongodb-driver-3.6.3.jar;C:\Users\Administrator\.m2\repository\org\mongodb\bson\3.6.3\bson-3.6.3.jar;C:\Users\Administrator\.m2\repository\org\mongodb\mongodb-driver-core\3.6.3\mongodb-driver-core-3.6.3.jar;C:\Users\Administrator\.m2\repository\org\mongodb\mongodb-driver-async\3.6.3\mongodb-driver-async-3.6.3.jar;C:\Users\Administrator\.m2\repository\org\mongodb\mongodb-driver-reactivestreams\1.7.1\mongodb-driver-reactivestreams-1.7.1.jar;C:\Users\Administrator\.m2\repository\org\reactivestreams\reactive-streams\1.0.2\reactive-streams-1.0.2.jar;C:\Users\Administrator\.m2\repository\io\projectreactor\reactor-core\3.1.5.RELEASE\reactor-core-3.1.5.RELEASE.jar;C:\Users\Administrator\.m2\repository\org\springframework\cloud\spring-cloud-starter-zookeeper-config\2.0.0.RELEASE\spring-cloud-starter-zookeeper-config-2.0.0.RELEASE.jar;C:\Users\Administrator\.m2\repository\org\springframework\cloud\spring-cloud-starter-zookeeper\2.0.0.RELEASE\spring-cloud-starter-zookeeper-2.0.0.RELEASE.jar;C:\Users\Administrator\.m2\repository\org\springframework\cloud\spring-cloud-commons\2.0.0.RELEASE\spring-cloud-commons-2.0.0.RELEASE.jar;C:\Users\Administrator\.m2\repository\org\springframework\cloud\spring-cloud-zookeeper-core\2.0.0.RELEASE\spring-cloud-zookeeper-core-2.0.0.RELEASE.jar;C:\Users\Administrator\.m2\repository\org\springframework\cloud\spring-cloud-zookeeper-config\2.0.0.RELEASE\spring-cloud-zookeeper-config-2.0.0.RELEASE.jar;C:\Users\Administrator\.m2\repository\org\apache\curator\curator-recipes\4.0.1\curator-recipes-4.0.1.jar;C:\Users\Administrator\.m2\repository\org\apache\curator\curator-framework\4.0.1\curator-framework-4.0.1.jar;C:\Users\Administrator\.m2\repository\org\apache\curator\curator-client\4.0.1\curator-client-4.0.1.jar;C:\Users\Administrator\.m2\repository\org\apache\zookeeper\zookeeper\3.5.3-beta\zookeeper-3.5.3-beta.jar;C:\Users\Administrator\.m2\repository\commons-cli\commons-cli\1.2\commons-cli-1.2.jar;C:\Users\Administrator\.m2\repository\com\google\guava\guava\20.0\guava-20.0.jar;C:\Users\Administrator\.m2\repository\org\springframework\cloud\spring-cloud-context\2.0.0.RELEASE\spring-cloud-context-2.0.0.RELEASE.jar;C:\Users\Administrator\.m2\repository\org\springframework\security\spring-security-crypto\5.0.3.RELEASE\spring-security-crypto-5.0.3.RELEASE.jar;C:\Users\Administrator\.m2\repository\org\springframework\boot\spring-boot-starter-test\2.0.0.RELEASE\spring-boot-starter-test-2.0.0.RELEASE.jar;C:\Users\Administrator\.m2\repository\org\springframework\boot\spring-boot-test\2.0.0.RELEASE\spring-boot-test-2.0.0.RELEASE.jar;C:\Users\Administrator\.m2\repository\org\springframework\boot\spring-boot-test-autoconfigure\2.0.0.RELEASE\spring-boot-test-autoconfigure-2.0.0.RELEASE.jar;C:\Users\Administrator\.m2\repository\com\jayway\jsonpath\json-path\2.4.0\json-path-2.4.0.jar;C:\Users\Administrator\.m2\repository\net\minidev\json-smart\2.3\json-smart-2.3.jar;C:\Users\Administrator\.m2\repository\net\minidev\accessors-smart\1.2\accessors-smart-1.2.jar;C:\Users\Administrator\.m2\repository\org\ow2\asm\asm\5.0.4\asm-5.0.4.jar;C:\Users\Administrator\.m2\repository\junit\junit\4.12\junit-4.12.jar;C:\Users\Administrator\.m2\repository\org\assertj\assertj-core\3.9.1\assertj-core-3.9.1.jar;C:\Users\Administrator\.m2\repository\org\mockito\mockito-core\2.15.0\mockito-core-2.15.0.jar;C:\Users\Administrator\.m2\repository\net\bytebuddy\byte-buddy\1.7.10\byte-buddy-1.7.10.jar;C:\Users\Administrator\.m2\repository\net\bytebuddy\byte-buddy-agent\1.7.10\byte-buddy-agent-1.7.10.jar;C:\Users\Administrator\.m2\repository\org\objenesis\objenesis\2.6\objenesis-2.6.jar;C:\Users\Administrator\.m2\repository\org\hamcrest\hamcrest-core\1.3\hamcrest-core-1.3.jar;C:\Users\Administrator\.m2\repository\org\hamcrest\hamcrest-library\1.3\hamcrest-library-1.3.jar;C:\Users\Administrator\.m2\repository\org\skyscreamer\jsonassert\1.5.0\jsonassert-1.5.0.jar;C:\Users\Administrator\.m2\repository\com\vaadin\external\google\android-json\0.0.20131108.vaadin1\android-json-0.0.20131108.vaadin1.jar;C:\Users\Administrator\.m2\repository\org\springframework\spring-core\5.0.4.RELEASE\spring-core-5.0.4.RELEASE.jar;C:\Users\Administrator\.m2\repository\org\springframework\spring-jcl\5.0.4.RELEASE\spring-jcl-5.0.4.RELEASE.jar;C:\Users\Administrator\.m2\repository\org\springframework\spring-test\5.0.4.RELEASE\spring-test-5.0.4.RELEASE.jar;C:\Users\Administrator\.m2\repository\org\xmlunit\xmlunit-core\2.5.1\xmlunit-core-2.5.1.jar;C:\Users\Administrator\.m2\repository\io\projectreactor\reactor-test\3.1.5.RELEASE\reactor-test-3.1.5.RELEASE.jar;
2018-07-12 10:09:48.102 8244 [main] INFO  org.apache.zookeeper.ZooKeeper: 109 - Client environment:java.library.path=D:\Program Files\Java\jdk1.8.0_151\jre\bin;C:\windows\Sun\Java\bin;C:\windows\system32;C:\windows;C:\windows\system32;C:\windows;C:\windows\System32\Wbem;C:\windows\System32\WindowsPowerShell\v1.0\;d:\Program Files (x86)\Git\cmd;D:\Program Files\VanDyke Software\Clients\;D:\Program Files\Java\jdk1.8.0_151\bin;D:\Program Files\Java\jdk1.8.0_151\jre\bin;D:\Program Files\consul_1.0.1_windows_386\bin;D:\Program Files\nodejs\;D:\Program Files\wget-1.11.4-1-bin\bin;D:\Program Files\gradle-4.8.1-bin\bin;C:\Users\Administrator\AppData\Local\Microsoft\WindowsApps;C:\Users\Administrator\AppData\Roaming\npm;.
2018-07-12 10:09:48.111 8244 [main] INFO  org.apache.zookeeper.ZooKeeper: 109 - Client environment:java.io.tmpdir=C:\Users\Administrator\AppData\Local\Temp\
2018-07-12 10:09:48.112 8244 [main] INFO  org.apache.zookeeper.ZooKeeper: 109 - Client environment:java.compiler=<NA>
2018-07-12 10:09:48.113 8244 [main] INFO  org.apache.zookeeper.ZooKeeper: 109 - Client environment:os.name=Windows 10
2018-07-12 10:09:48.114 8244 [main] INFO  org.apache.zookeeper.ZooKeeper: 109 - Client environment:os.arch=amd64
2018-07-12 10:09:48.115 8244 [main] INFO  org.apache.zookeeper.ZooKeeper: 109 - Client environment:os.version=10.0
2018-07-12 10:09:48.116 8244 [main] INFO  org.apache.zookeeper.ZooKeeper: 109 - Client environment:user.name=Administrator
2018-07-12 10:09:48.117 8244 [main] INFO  org.apache.zookeeper.ZooKeeper: 109 - Client environment:user.home=C:\Users\Administrator
2018-07-12 10:09:48.118 8244 [main] INFO  org.apache.zookeeper.ZooKeeper: 109 - Client environment:user.dir=D:\project\spring-boot\micro-services\atom-service-search
2018-07-12 10:09:48.118 8244 [main] INFO  org.apache.zookeeper.ZooKeeper: 109 - Client environment:os.memory.free=99MB
2018-07-12 10:09:48.119 8244 [main] INFO  org.apache.zookeeper.ZooKeeper: 109 - Client environment:os.memory.max=1799MB
2018-07-12 10:09:48.119 8244 [main] INFO  org.apache.zookeeper.ZooKeeper: 109 - Client environment:os.memory.total=168MB
2018-07-12 10:09:48.164 8244 [main] INFO  o.a.c.f.imps.CuratorFrameworkImpl: 290 - Starting
2018-07-12 10:09:48.171 8244 [main] INFO  org.apache.zookeeper.ZooKeeper: 865 - Initiating client connection, connectString=localhost:2181 sessionTimeout=60000 watcher=org.apache.curator.ConnectionState@50b1f030
2018-07-12 10:09:48.316 8244 [main] INFO  o.apache.zookeeper.ClientCnxnSocket: 236 - jute.maxbuffer value is 4194304 Bytes
2018-07-12 10:09:48.329 8244 [main-SendThread(localhost:2181)] INFO  org.apache.zookeeper.ClientCnxn: 1113 - Opening socket connection to server localhost/0:0:0:0:0:0:0:1:2181. Will not attempt to authenticate using SASL (unknown error)
2018-07-12 10:09:48.341 8244 [main] INFO  o.a.c.f.imps.CuratorFrameworkImpl: 332 - Default schema
2018-07-12 10:09:49.335 8244 [main-SendThread(localhost:2181)] WARN  org.apache.zookeeper.ClientCnxn: 1235 - Session 0x0 for server null, unexpected error, closing socket connection and attempting reconnect
java.net.ConnectException: Connection refused: no further information
	at sun.nio.ch.SocketChannelImpl.checkConnect(Native Method)
	at sun.nio.ch.SocketChannelImpl.finishConnect(SocketChannelImpl.java:717)
	at org.apache.zookeeper.ClientCnxnSocketNIO.doTransport(ClientCnxnSocketNIO.java:357)
	at org.apache.zookeeper.ClientCnxn$SendThread.run(ClientCnxn.java:1214)
2018-07-12 10:09:49.438 8244 [main-SendThread(localhost:2181)] INFO  org.apache.zookeeper.ClientCnxn: 1113 - Opening socket connection to server localhost/127.0.0.1:2181. Will not attempt to authenticate using SASL (unknown error)
2018-07-12 10:09:50.441 8244 [main-SendThread(localhost:2181)] WARN  org.apache.zookeeper.ClientCnxn: 1235 - Session 0x0 for server null, unexpected error, closing socket connection and attempting reconnect
java.net.ConnectException: Connection refused: no further information
	at sun.nio.ch.SocketChannelImpl.checkConnect(Native Method)
	at sun.nio.ch.SocketChannelImpl.finishConnect(SocketChannelImpl.java:717)
	at org.apache.zookeeper.ClientCnxnSocketNIO.doTransport(ClientCnxnSocketNIO.java:357)
	at org.apache.zookeeper.ClientCnxn$SendThread.run(ClientCnxn.java:1214)
2018-07-12 10:09:51.542 8244 [main-SendThread(localhost:2181)] INFO  org.apache.zookeeper.ClientCnxn: 1113 - Opening socket connection to server localhost/0:0:0:0:0:0:0:1:2181. Will not attempt to authenticate using SASL (unknown error)
2018-07-12 10:09:52.544 8244 [main-SendThread(localhost:2181)] WARN  org.apache.zookeeper.ClientCnxn: 1235 - Session 0x0 for server null, unexpected error, closing socket connection and attempting reconnect
java.net.ConnectException: Connection refused: no further information
	at sun.nio.ch.SocketChannelImpl.checkConnect(Native Method)
	at sun.nio.ch.SocketChannelImpl.finishConnect(SocketChannelImpl.java:717)
	at org.apache.zookeeper.ClientCnxnSocketNIO.doTransport(ClientCnxnSocketNIO.java:357)
	at org.apache.zookeeper.ClientCnxn$SendThread.run(ClientCnxn.java:1214)
2018-07-12 10:09:52.646 8244 [main-SendThread(localhost:2181)] INFO  org.apache.zookeeper.ClientCnxn: 1113 - Opening socket connection to server localhost/127.0.0.1:2181. Will not attempt to authenticate using SASL (unknown error)
2018-07-12 10:09:53.649 8244 [main-SendThread(localhost:2181)] WARN  org.apache.zookeeper.ClientCnxn: 1235 - Session 0x0 for server null, unexpected error, closing socket connection and attempting reconnect
java.net.ConnectException: Connection refused: no further information
	at sun.nio.ch.SocketChannelImpl.checkConnect(Native Method)
	at sun.nio.ch.SocketChannelImpl.finishConnect(SocketChannelImpl.java:717)
	at org.apache.zookeeper.ClientCnxnSocketNIO.doTransport(ClientCnxnSocketNIO.java:357)
	at org.apache.zookeeper.ClientCnxn$SendThread.run(ClientCnxn.java:1214)
2018-07-12 10:09:54.752 8244 [main-SendThread(localhost:2181)] INFO  org.apache.zookeeper.ClientCnxn: 1113 - Opening socket connection to server localhost/0:0:0:0:0:0:0:1:2181. Will not attempt to authenticate using SASL (unknown error)
2018-07-12 10:09:55.756 8244 [main-SendThread(localhost:2181)] WARN  org.apache.zookeeper.ClientCnxn: 1235 - Session 0x0 for server null, unexpected error, closing socket connection and attempting reconnect
java.net.ConnectException: Connection refused: no further information
	at sun.nio.ch.SocketChannelImpl.checkConnect(Native Method)
	at sun.nio.ch.SocketChannelImpl.finishConnect(SocketChannelImpl.java:717)
	at org.apache.zookeeper.ClientCnxnSocketNIO.doTransport(ClientCnxnSocketNIO.java:357)
	at org.apache.zookeeper.ClientCnxn$SendThread.run(ClientCnxn.java:1214)
2018-07-12 10:09:55.858 8244 [main-SendThread(localhost:2181)] INFO  org.apache.zookeeper.ClientCnxn: 1113 - Opening socket connection to server localhost/127.0.0.1:2181. Will not attempt to authenticate using SASL (unknown error)
2018-07-12 10:09:56.860 8244 [main-SendThread(localhost:2181)] WARN  org.apache.zookeeper.ClientCnxn: 1235 - Session 0x0 for server null, unexpected error, closing socket connection and attempting reconnect
java.net.ConnectException: Connection refused: no further information
	at sun.nio.ch.SocketChannelImpl.checkConnect(Native Method)
	at sun.nio.ch.SocketChannelImpl.finishConnect(SocketChannelImpl.java:717)
	at org.apache.zookeeper.ClientCnxnSocketNIO.doTransport(ClientCnxnSocketNIO.java:357)
	at org.apache.zookeeper.ClientCnxn$SendThread.run(ClientCnxn.java:1214)
2018-07-12 10:09:57.961 8244 [main-SendThread(localhost:2181)] INFO  org.apache.zookeeper.ClientCnxn: 1113 - Opening socket connection to server localhost/0:0:0:0:0:0:0:1:2181. Will not attempt to authenticate using SASL (unknown error)
2018-07-12 10:10:00.065 8244 [main-SendThread(localhost:2181)] WARN  org.apache.zookeeper.ClientCnxn: 1235 - Session 0x0 for server null, unexpected error, closing socket connection and attempting reconnect
java.net.ConnectException: Connection refused: no further information
	at sun.nio.ch.SocketChannelImpl.checkConnect(Native Method)
	at sun.nio.ch.SocketChannelImpl.finishConnect(SocketChannelImpl.java:717)
	at org.apache.zookeeper.ClientCnxnSocketNIO.doTransport(ClientCnxnSocketNIO.java:357)
	at org.apache.zookeeper.ClientCnxn$SendThread.run(ClientCnxn.java:1214)
2018-07-12 10:10:01.168 8244 [main-SendThread(localhost:2181)] INFO  org.apache.zookeeper.ClientCnxn: 1113 - Opening socket connection to server localhost/0:0:0:0:0:0:0:1:2181. Will not attempt to authenticate using SASL (unknown error)
2018-07-12 10:10:02.171 8244 [main-SendThread(localhost:2181)] WARN  org.apache.zookeeper.ClientCnxn: 1235 - Session 0x0 for server null, unexpected error, closing socket connection and attempting reconnect
java.net.ConnectException: Connection refused: no further information
	at sun.nio.ch.SocketChannelImpl.checkConnect(Native Method)
	at sun.nio.ch.SocketChannelImpl.finishConnect(SocketChannelImpl.java:717)
	at org.apache.zookeeper.ClientCnxnSocketNIO.doTransport(ClientCnxnSocketNIO.java:357)
	at org.apache.zookeeper.ClientCnxn$SendThread.run(ClientCnxn.java:1214)
2018-07-12 10:10:02.271 8244 [main-SendThread(localhost:2181)] INFO  org.apache.zookeeper.ClientCnxn: 1113 - Opening socket connection to server localhost/127.0.0.1:2181. Will not attempt to authenticate using SASL (unknown error)
2018-07-12 10:10:03.273 8244 [main-SendThread(localhost:2181)] WARN  org.apache.zookeeper.ClientCnxn: 1235 - Session 0x0 for server null, unexpected error, closing socket connection and attempting reconnect
java.net.ConnectException: Connection refused: no further information
	at sun.nio.ch.SocketChannelImpl.checkConnect(Native Method)
	at sun.nio.ch.SocketChannelImpl.finishConnect(SocketChannelImpl.java:717)
	at org.apache.zookeeper.ClientCnxnSocketNIO.doTransport(ClientCnxnSocketNIO.java:357)
	at org.apache.zookeeper.ClientCnxn$SendThread.run(ClientCnxn.java:1214)
2018-07-12 10:10:03.876 8244 [Curator-Framework-0] WARN  o.a.c.retry.ExponentialBackoffRetry: 74 - Sleep extension too large (700). Pinning to 500
2018-07-12 10:10:04.376 8244 [main-SendThread(localhost:2181)] INFO  org.apache.zookeeper.ClientCnxn: 1113 - Opening socket connection to server localhost/0:0:0:0:0:0:0:1:2181. Will not attempt to authenticate using SASL (unknown error)
2018-07-12 10:10:04.378 8244 [Curator-Framework-0] WARN  o.a.c.retry.ExponentialBackoffRetry: 74 - Sleep extension too large (1100). Pinning to 500
2018-07-12 10:10:04.879 8244 [Curator-Framework-0] WARN  o.a.c.retry.ExponentialBackoffRetry: 74 - Sleep extension too large (2850). Pinning to 500
2018-07-12 10:10:05.379 8244 [main-SendThread(localhost:2181)] WARN  org.apache.zookeeper.ClientCnxn: 1235 - Session 0x0 for server null, unexpected error, closing socket connection and attempting reconnect
java.net.ConnectException: Connection refused: no further information
	at sun.nio.ch.SocketChannelImpl.checkConnect(Native Method)
	at sun.nio.ch.SocketChannelImpl.finishConnect(SocketChannelImpl.java:717)
	at org.apache.zookeeper.ClientCnxnSocketNIO.doTransport(ClientCnxnSocketNIO.java:357)
	at org.apache.zookeeper.ClientCnxn$SendThread.run(ClientCnxn.java:1214)
2018-07-12 10:10:05.380 8244 [Curator-Framework-0] WARN  o.a.c.retry.ExponentialBackoffRetry: 74 - Sleep extension too large (5050). Pinning to 500
